<?xml version="1.0" encoding="UTF-8"?>
<testsuite xmlns:xsi="http://www.w3.org/2001/XMLSchema-instance" xsi:noNamespaceSchemaLocation="https://maven.apache.org/surefire/maven-surefire-plugin/xsd/surefire-test-report.xsd" name="TestSuite" time="83.066" tests="10" errors="0" skipped="0" failures="0">
  <properties>
[...]
</properties>
  <testcase name="verifyAllCarsAreAvailableForBookingOnceDestinationIsReached" classname="testcases.E2ETestCases" time="15.044"/>
  <testcase name="verifyAllocatedCarIsAvailableForBookingAfterReachingDestination" classname="testcases.E2ETestCases" time="9.594"/>
  <testcase name="verifyBookAPIWithInvalidToken" classname="testcases.E2ETestCases" time="1.956"/>
  <testcase name="verifyBookApiReturnsEmptyResponseWhenNoCarIsAvailable" classname="testcases.E2ETestCases" time="10.028"/>
  <testcase name="verifyBookApiWithInvalidRequestBody" classname="testcases.E2ETestCases" time="2.011"/>
  <testcase name="verifyBookApiWithInvalidRequestBody" classname="testcases.E2ETestCases" time="1.254"/>
  <testcase name="verifyResetApiWithInvalidHeader" classname="testcases.E2ETestCases" time="1.278"/>
  <testcase name="verifyTickApiWithInvalidHeader" classname="testcases.E2ETestCases" time="1.357"/>
  <testcase name="verifyUserIsAllocatedCar" classname="testcases.E2ETestCases" time="1.329"/>
  <testcase name="verifyUserIsAllocatedCar" classname="testcases.E2ETestCases" time="1.703"/>
</testsuite>