<?xml version="1.0" encoding="UTF-8"?>
<!-- Generated by org.testng.reporters.JUnitXMLReporter -->
<testsuite hostname="ITSG003112-MAC" ignored="0" name="E2E TestCases" tests="10" failures="0" timestamp="05 Jul 2020 12:33:30 GMT" time="87.021" errors="0">
  <testcase name="verifyAllCarsAreAvailableForBookingOnceDestinationIsReached" time="14.072" classname="testcases.E2ETestCases"/>
  <testcase name="verifyAllocatedCarIsAvailableForBookingAfterReachingDestination" time="9.204" classname="testcases.E2ETestCases"/>
  <testcase name="verifyBookAPIWithInvalidToken" time="1.749" classname="testcases.E2ETestCases"/>
  <testcase name="verifyBookApiReturnsEmptyResponseWhenNoCarIsAvailable" time="13.532" classname="testcases.E2ETestCases"/>
  <testcase name="verifyBookApiWithInvalidRequestBody" time="3.221" classname="testcases.E2ETestCases"/>
  <testcase name="verifyBookApiWithInvalidRequestBody" time="1.339" classname="testcases.E2ETestCases"/>
  <testcase name="verifyResetApiWithInvalidHeader" time="1.49" classname="testcases.E2ETestCases"/>
  <testcase name="verifyTickApiWithInvalidHeader" time="1.498" classname="testcases.E2ETestCases"/>
  <testcase name="verifyUserIsAllocatedCar" time="2.026" classname="testcases.E2ETestCases"/>
  <testcase name="verifyUserIsAllocatedCar" time="1.473" classname="testcases.E2ETestCases"/>
</testsuite> <!-- E2E TestCases -->
