<?xml version="1.0" encoding="UTF-8"?>
<!-- Generated by org.testng.reporters.JUnitXMLReporter -->
<testsuite hostname="ITSG003112-MAC" ignored="0" name="E2E TestCases" tests="10" failures="0" timestamp="05 Jul 2020 10:08:37 GMT" time="81.873" errors="0">
  <testcase name="verifyAllCarsAreAvailableForBookingOnceDestinationIsReached" time="15.043" classname="testcases.E2ETestCases"/>
  <testcase name="verifyAllocatedCarIsAvailableForBookingAfterReachingDestination" time="9.594" classname="testcases.E2ETestCases"/>
  <testcase name="verifyBookAPIWithInvalidToken" time="1.956" classname="testcases.E2ETestCases"/>
  <testcase name="verifyBookApiReturnsEmptyResponseWhenNoCarIsAvailable" time="10.028" classname="testcases.E2ETestCases"/>
  <testcase name="verifyBookApiWithInvalidRequestBody" time="2.011" classname="testcases.E2ETestCases"/>
  <testcase name="verifyBookApiWithInvalidRequestBody" time="1.255" classname="testcases.E2ETestCases"/>
  <testcase name="verifyResetApiWithInvalidHeader" time="1.278" classname="testcases.E2ETestCases"/>
  <testcase name="verifyTickApiWithInvalidHeader" time="1.356" classname="testcases.E2ETestCases"/>
  <testcase name="verifyUserIsAllocatedCar" time="1.328" classname="testcases.E2ETestCases"/>
  <testcase name="verifyUserIsAllocatedCar" time="1.7" classname="testcases.E2ETestCases"/>
</testsuite> <!-- E2E TestCases -->
